08-26 17:44:33 com_github_MitjaNemec_PlaceFootprints.action_place_footprints 405:Plugin executed on: 'win32'
08-26 17:44:33 com_github_MitjaNemec_PlaceFootprints.action_place_footprints 406:Plugin executed with python version: '3.9.14 (main, Dec 23 2022, 23:36:19) [MSC v.1934 64 bit (AMD64)]'
08-26 17:44:33 com_github_MitjaNemec_PlaceFootprints.action_place_footprints 407:KiCad build version: (7.0.0)
08-26 17:44:33 com_github_MitjaNemec_PlaceFootprints.action_place_footprints 408:Plugin version: 2.0.3
08-26 17:44:33 com_github_MitjaNemec_PlaceFootprints.action_place_footprints 409:Frame repr: <wx._core.Frame object at 0x000001CC236DADC0>
08-26 17:44:33 com_github_MitjaNemec_PlaceFootprints.place_footprints 121:getting a list of all footprints on board
08-26 17:44:33 com_github_MitjaNemec_PlaceFootprints.place_footprints 156:Footprint U1 on root level
08-26 17:44:33 com_github_MitjaNemec_PlaceFootprints.place_footprints 156:Footprint R8 on root level
08-26 17:44:33 com_github_MitjaNemec_PlaceFootprints.place_footprints 156:Footprint R7 on root level
08-26 17:44:33 com_github_MitjaNemec_PlaceFootprints.place_footprints 156:Footprint R6 on root level
08-26 17:44:33 com_github_MitjaNemec_PlaceFootprints.place_footprints 156:Footprint R5 on root level
08-26 17:44:33 com_github_MitjaNemec_PlaceFootprints.place_footprints 156:Footprint R4 on root level
08-26 17:44:33 com_github_MitjaNemec_PlaceFootprints.place_footprints 156:Footprint R3 on root level
08-26 17:44:33 com_github_MitjaNemec_PlaceFootprints.place_footprints 156:Footprint R2 on root level
08-26 17:44:33 com_github_MitjaNemec_PlaceFootprints.place_footprints 156:Footprint R1 on root level
08-26 17:44:33 com_github_MitjaNemec_PlaceFootprints.place_footprints 156:Footprint J2 on root level
08-26 17:44:33 com_github_MitjaNemec_PlaceFootprints.place_footprints 156:Footprint J1 on root level
08-26 17:44:33 com_github_MitjaNemec_PlaceFootprints.place_footprints 156:Footprint H4 on root level
08-26 17:44:33 com_github_MitjaNemec_PlaceFootprints.place_footprints 156:Footprint H3 on root level
08-26 17:44:33 com_github_MitjaNemec_PlaceFootprints.place_footprints 156:Footprint H2 on root level
08-26 17:44:33 com_github_MitjaNemec_PlaceFootprints.place_footprints 156:Footprint H1 on root level
08-26 17:44:33 com_github_MitjaNemec_PlaceFootprints.place_footprints 156:Footprint D64 on root level
08-26 17:44:33 com_github_MitjaNemec_PlaceFootprints.place_footprints 156:Footprint D63 on root level
08-26 17:44:33 com_github_MitjaNemec_PlaceFootprints.place_footprints 156:Footprint D62 on root level
08-26 17:44:33 com_github_MitjaNemec_PlaceFootprints.place_footprints 156:Footprint D61 on root level
08-26 17:44:33 com_github_MitjaNemec_PlaceFootprints.place_footprints 156:Footprint D60 on root level
08-26 17:44:33 com_github_MitjaNemec_PlaceFootprints.place_footprints 156:Footprint D59 on root level
08-26 17:44:33 com_github_MitjaNemec_PlaceFootprints.place_footprints 156:Footprint D58 on root level
08-26 17:44:33 com_github_MitjaNemec_PlaceFootprints.place_footprints 156:Footprint D57 on root level
08-26 17:44:33 com_github_MitjaNemec_PlaceFootprints.place_footprints 156:Footprint D56 on root level
08-26 17:44:33 com_github_MitjaNemec_PlaceFootprints.place_footprints 156:Footprint D55 on root level
08-26 17:44:33 com_github_MitjaNemec_PlaceFootprints.place_footprints 156:Footprint D54 on root level
08-26 17:44:33 com_github_MitjaNemec_PlaceFootprints.place_footprints 156:Footprint D53 on root level
08-26 17:44:33 com_github_MitjaNemec_PlaceFootprints.place_footprints 156:Footprint D52 on root level
08-26 17:44:33 com_github_MitjaNemec_PlaceFootprints.place_footprints 156:Footprint D51 on root level
08-26 17:44:33 com_github_MitjaNemec_PlaceFootprints.place_footprints 156:Footprint D50 on root level
08-26 17:44:33 com_github_MitjaNemec_PlaceFootprints.place_footprints 156:Footprint D49 on root level
08-26 17:44:33 com_github_MitjaNemec_PlaceFootprints.place_footprints 156:Footprint D48 on root level
08-26 17:44:33 com_github_MitjaNemec_PlaceFootprints.place_footprints 156:Footprint D47 on root level
08-26 17:44:33 com_github_MitjaNemec_PlaceFootprints.place_footprints 156:Footprint D46 on root level
08-26 17:44:33 com_github_MitjaNemec_PlaceFootprints.place_footprints 156:Footprint D45 on root level
08-26 17:44:33 com_github_MitjaNemec_PlaceFootprints.place_footprints 156:Footprint D44 on root level
08-26 17:44:33 com_github_MitjaNemec_PlaceFootprints.place_footprints 156:Footprint D43 on root level
08-26 17:44:33 com_github_MitjaNemec_PlaceFootprints.place_footprints 156:Footprint D42 on root level
08-26 17:44:33 com_github_MitjaNemec_PlaceFootprints.place_footprints 156:Footprint D41 on root level
08-26 17:44:33 com_github_MitjaNemec_PlaceFootprints.place_footprints 156:Footprint D40 on root level
08-26 17:44:33 com_github_MitjaNemec_PlaceFootprints.place_footprints 156:Footprint D39 on root level
08-26 17:44:33 com_github_MitjaNemec_PlaceFootprints.place_footprints 156:Footprint D38 on root level
08-26 17:44:33 com_github_MitjaNemec_PlaceFootprints.place_footprints 156:Footprint D37 on root level
08-26 17:44:33 com_github_MitjaNemec_PlaceFootprints.place_footprints 156:Footprint D36 on root level
08-26 17:44:33 com_github_MitjaNemec_PlaceFootprints.place_footprints 156:Footprint D35 on root level
08-26 17:44:33 com_github_MitjaNemec_PlaceFootprints.place_footprints 156:Footprint D34 on root level
08-26 17:44:33 com_github_MitjaNemec_PlaceFootprints.place_footprints 156:Footprint D33 on root level
08-26 17:44:33 com_github_MitjaNemec_PlaceFootprints.place_footprints 156:Footprint D32 on root level
08-26 17:44:33 com_github_MitjaNemec_PlaceFootprints.place_footprints 156:Footprint D31 on root level
08-26 17:44:33 com_github_MitjaNemec_PlaceFootprints.place_footprints 156:Footprint D30 on root level
08-26 17:44:33 com_github_MitjaNemec_PlaceFootprints.place_footprints 156:Footprint D29 on root level
08-26 17:44:33 com_github_MitjaNemec_PlaceFootprints.place_footprints 156:Footprint D28 on root level
08-26 17:44:33 com_github_MitjaNemec_PlaceFootprints.place_footprints 156:Footprint D27 on root level
08-26 17:44:33 com_github_MitjaNemec_PlaceFootprints.place_footprints 156:Footprint D26 on root level
08-26 17:44:33 com_github_MitjaNemec_PlaceFootprints.place_footprints 156:Footprint D25 on root level
08-26 17:44:33 com_github_MitjaNemec_PlaceFootprints.place_footprints 156:Footprint D24 on root level
08-26 17:44:33 com_github_MitjaNemec_PlaceFootprints.place_footprints 156:Footprint D23 on root level
08-26 17:44:33 com_github_MitjaNemec_PlaceFootprints.place_footprints 156:Footprint D22 on root level
08-26 17:44:33 com_github_MitjaNemec_PlaceFootprints.place_footprints 156:Footprint D21 on root level
08-26 17:44:33 com_github_MitjaNemec_PlaceFootprints.place_footprints 156:Footprint D20 on root level
08-26 17:44:33 com_github_MitjaNemec_PlaceFootprints.place_footprints 156:Footprint D19 on root level
08-26 17:44:33 com_github_MitjaNemec_PlaceFootprints.place_footprints 156:Footprint D18 on root level
08-26 17:44:33 com_github_MitjaNemec_PlaceFootprints.place_footprints 156:Footprint D17 on root level
08-26 17:44:33 com_github_MitjaNemec_PlaceFootprints.place_footprints 156:Footprint D16 on root level
08-26 17:44:33 com_github_MitjaNemec_PlaceFootprints.place_footprints 156:Footprint D15 on root level
08-26 17:44:33 com_github_MitjaNemec_PlaceFootprints.place_footprints 156:Footprint D14 on root level
08-26 17:44:33 com_github_MitjaNemec_PlaceFootprints.place_footprints 156:Footprint D13 on root level
08-26 17:44:33 com_github_MitjaNemec_PlaceFootprints.place_footprints 156:Footprint D12 on root level
08-26 17:44:33 com_github_MitjaNemec_PlaceFootprints.place_footprints 156:Footprint D11 on root level
08-26 17:44:33 com_github_MitjaNemec_PlaceFootprints.place_footprints 156:Footprint D10 on root level
08-26 17:44:33 com_github_MitjaNemec_PlaceFootprints.place_footprints 156:Footprint D9 on root level
08-26 17:44:33 com_github_MitjaNemec_PlaceFootprints.place_footprints 156:Footprint D8 on root level
08-26 17:44:33 com_github_MitjaNemec_PlaceFootprints.place_footprints 156:Footprint D7 on root level
08-26 17:44:33 com_github_MitjaNemec_PlaceFootprints.place_footprints 156:Footprint D6 on root level
08-26 17:44:33 com_github_MitjaNemec_PlaceFootprints.place_footprints 156:Footprint D5 on root level
08-26 17:44:33 com_github_MitjaNemec_PlaceFootprints.place_footprints 156:Footprint D4 on root level
08-26 17:44:33 com_github_MitjaNemec_PlaceFootprints.place_footprints 156:Footprint D3 on root level
08-26 17:44:33 com_github_MitjaNemec_PlaceFootprints.place_footprints 156:Footprint D2 on root level
08-26 17:44:33 com_github_MitjaNemec_PlaceFootprints.place_footprints 156:Footprint D1 on root level
08-26 17:44:33 com_github_MitjaNemec_PlaceFootprints.place_footprints 156:Footprint C1 on root level
08-26 17:44:34 com_github_MitjaNemec_PlaceFootprints.action_place_footprints 588:Reference designator is: R
08-26 17:44:34 com_github_MitjaNemec_PlaceFootprints.action_place_footprints 589:Reference number is: 1
08-26 17:44:34 com_github_MitjaNemec_PlaceFootprints.action_place_footprints 621:Sorted and filtered list:
['R1', 'R2', 'R3', 'R4', 'R5', 'R6', 'R7', 'R8']
08-26 17:44:39 com_github_MitjaNemec_PlaceFootprints.action_place_footprints 659:Footprints to place:
['R1', 'R2', 'R3', 'R4', 'R5', 'R6', 'R7', 'R8']
08-26 17:44:39 com_github_MitjaNemec_PlaceFootprints.place_footprints 367:Starting placing with linear layout
08-26 17:44:39 com_github_MitjaNemec_PlaceFootprints.action_place_footprints 700:Placing complete
