08-26 13:17:51 com_github_MitjaNemec_PlaceFootprints.action_place_footprints 405:Plugin executed on: 'win32'
08-26 13:17:51 com_github_MitjaNemec_PlaceFootprints.action_place_footprints 406:Plugin executed with python version: '3.9.14 (main, Dec 23 2022, 23:36:19) [MSC v.1934 64 bit (AMD64)]'
08-26 13:17:51 com_github_MitjaNemec_PlaceFootprints.action_place_footprints 407:KiCad build version: (7.0.0)
08-26 13:17:51 com_github_MitjaNemec_PlaceFootprints.action_place_footprints 408:Plugin version: 2.0.3
08-26 13:17:51 com_github_MitjaNemec_PlaceFootprints.action_place_footprints 409:Frame repr: <wx._core.Frame object at 0x0000027608C2ADC0>
08-26 13:17:51 com_github_MitjaNemec_PlaceFootprints.place_footprints 121:getting a list of all footprints on board
08-26 13:17:51 com_github_MitjaNemec_PlaceFootprints.place_footprints 156:Footprint D64 on root level
08-26 13:17:51 com_github_MitjaNemec_PlaceFootprints.place_footprints 156:Footprint D63 on root level
08-26 13:17:51 com_github_MitjaNemec_PlaceFootprints.place_footprints 156:Footprint D62 on root level
08-26 13:17:51 com_github_MitjaNemec_PlaceFootprints.place_footprints 156:Footprint D61 on root level
08-26 13:17:51 com_github_MitjaNemec_PlaceFootprints.place_footprints 156:Footprint D60 on root level
08-26 13:17:51 com_github_MitjaNemec_PlaceFootprints.place_footprints 156:Footprint D59 on root level
08-26 13:17:51 com_github_MitjaNemec_PlaceFootprints.place_footprints 156:Footprint D58 on root level
08-26 13:17:51 com_github_MitjaNemec_PlaceFootprints.place_footprints 156:Footprint D57 on root level
08-26 13:17:51 com_github_MitjaNemec_PlaceFootprints.place_footprints 156:Footprint D56 on root level
08-26 13:17:51 com_github_MitjaNemec_PlaceFootprints.place_footprints 156:Footprint D55 on root level
08-26 13:17:51 com_github_MitjaNemec_PlaceFootprints.place_footprints 156:Footprint D54 on root level
08-26 13:17:51 com_github_MitjaNemec_PlaceFootprints.place_footprints 156:Footprint D53 on root level
08-26 13:17:51 com_github_MitjaNemec_PlaceFootprints.place_footprints 156:Footprint D52 on root level
08-26 13:17:51 com_github_MitjaNemec_PlaceFootprints.place_footprints 156:Footprint D51 on root level
08-26 13:17:51 com_github_MitjaNemec_PlaceFootprints.place_footprints 156:Footprint D50 on root level
08-26 13:17:51 com_github_MitjaNemec_PlaceFootprints.place_footprints 156:Footprint D49 on root level
08-26 13:17:51 com_github_MitjaNemec_PlaceFootprints.place_footprints 156:Footprint D48 on root level
08-26 13:17:51 com_github_MitjaNemec_PlaceFootprints.place_footprints 156:Footprint D47 on root level
08-26 13:17:51 com_github_MitjaNemec_PlaceFootprints.place_footprints 156:Footprint D46 on root level
08-26 13:17:51 com_github_MitjaNemec_PlaceFootprints.place_footprints 156:Footprint D45 on root level
08-26 13:17:51 com_github_MitjaNemec_PlaceFootprints.place_footprints 156:Footprint D44 on root level
08-26 13:17:51 com_github_MitjaNemec_PlaceFootprints.place_footprints 156:Footprint D43 on root level
08-26 13:17:51 com_github_MitjaNemec_PlaceFootprints.place_footprints 156:Footprint D42 on root level
08-26 13:17:51 com_github_MitjaNemec_PlaceFootprints.place_footprints 156:Footprint D41 on root level
08-26 13:17:51 com_github_MitjaNemec_PlaceFootprints.place_footprints 156:Footprint D40 on root level
08-26 13:17:51 com_github_MitjaNemec_PlaceFootprints.place_footprints 156:Footprint D39 on root level
08-26 13:17:51 com_github_MitjaNemec_PlaceFootprints.place_footprints 156:Footprint D38 on root level
08-26 13:17:51 com_github_MitjaNemec_PlaceFootprints.place_footprints 156:Footprint D37 on root level
08-26 13:17:51 com_github_MitjaNemec_PlaceFootprints.place_footprints 156:Footprint D36 on root level
08-26 13:17:51 com_github_MitjaNemec_PlaceFootprints.place_footprints 156:Footprint D35 on root level
08-26 13:17:51 com_github_MitjaNemec_PlaceFootprints.place_footprints 156:Footprint D34 on root level
08-26 13:17:51 com_github_MitjaNemec_PlaceFootprints.place_footprints 156:Footprint D33 on root level
08-26 13:17:51 com_github_MitjaNemec_PlaceFootprints.place_footprints 156:Footprint D32 on root level
08-26 13:17:51 com_github_MitjaNemec_PlaceFootprints.place_footprints 156:Footprint D31 on root level
08-26 13:17:51 com_github_MitjaNemec_PlaceFootprints.place_footprints 156:Footprint D30 on root level
08-26 13:17:51 com_github_MitjaNemec_PlaceFootprints.place_footprints 156:Footprint D29 on root level
08-26 13:17:51 com_github_MitjaNemec_PlaceFootprints.place_footprints 156:Footprint D28 on root level
08-26 13:17:51 com_github_MitjaNemec_PlaceFootprints.place_footprints 156:Footprint D27 on root level
08-26 13:17:51 com_github_MitjaNemec_PlaceFootprints.place_footprints 156:Footprint D26 on root level
08-26 13:17:51 com_github_MitjaNemec_PlaceFootprints.place_footprints 156:Footprint D25 on root level
08-26 13:17:51 com_github_MitjaNemec_PlaceFootprints.place_footprints 156:Footprint D24 on root level
08-26 13:17:51 com_github_MitjaNemec_PlaceFootprints.place_footprints 156:Footprint D23 on root level
08-26 13:17:51 com_github_MitjaNemec_PlaceFootprints.place_footprints 156:Footprint D22 on root level
08-26 13:17:51 com_github_MitjaNemec_PlaceFootprints.place_footprints 156:Footprint D21 on root level
08-26 13:17:51 com_github_MitjaNemec_PlaceFootprints.place_footprints 156:Footprint D20 on root level
08-26 13:17:51 com_github_MitjaNemec_PlaceFootprints.place_footprints 156:Footprint D19 on root level
08-26 13:17:51 com_github_MitjaNemec_PlaceFootprints.place_footprints 156:Footprint D18 on root level
08-26 13:17:51 com_github_MitjaNemec_PlaceFootprints.place_footprints 156:Footprint D17 on root level
08-26 13:17:51 com_github_MitjaNemec_PlaceFootprints.place_footprints 156:Footprint D16 on root level
08-26 13:17:51 com_github_MitjaNemec_PlaceFootprints.place_footprints 156:Footprint D15 on root level
08-26 13:17:51 com_github_MitjaNemec_PlaceFootprints.place_footprints 156:Footprint D14 on root level
08-26 13:17:51 com_github_MitjaNemec_PlaceFootprints.place_footprints 156:Footprint D13 on root level
08-26 13:17:51 com_github_MitjaNemec_PlaceFootprints.place_footprints 156:Footprint D12 on root level
08-26 13:17:51 com_github_MitjaNemec_PlaceFootprints.place_footprints 156:Footprint D11 on root level
08-26 13:17:51 com_github_MitjaNemec_PlaceFootprints.place_footprints 156:Footprint D10 on root level
08-26 13:17:51 com_github_MitjaNemec_PlaceFootprints.place_footprints 156:Footprint D9 on root level
08-26 13:17:51 com_github_MitjaNemec_PlaceFootprints.place_footprints 156:Footprint D8 on root level
08-26 13:17:51 com_github_MitjaNemec_PlaceFootprints.place_footprints 156:Footprint D7 on root level
08-26 13:17:51 com_github_MitjaNemec_PlaceFootprints.place_footprints 156:Footprint D6 on root level
08-26 13:17:51 com_github_MitjaNemec_PlaceFootprints.place_footprints 156:Footprint D5 on root level
08-26 13:17:51 com_github_MitjaNemec_PlaceFootprints.place_footprints 156:Footprint D4 on root level
08-26 13:17:51 com_github_MitjaNemec_PlaceFootprints.place_footprints 156:Footprint D3 on root level
08-26 13:17:51 com_github_MitjaNemec_PlaceFootprints.place_footprints 156:Footprint D2 on root level
08-26 13:17:51 com_github_MitjaNemec_PlaceFootprints.place_footprints 156:Footprint D1 on root level
08-26 13:17:51 com_github_MitjaNemec_PlaceFootprints.place_footprints 156:Footprint J2 on root level
08-26 13:17:51 com_github_MitjaNemec_PlaceFootprints.place_footprints 156:Footprint R4 on root level
08-26 13:17:51 com_github_MitjaNemec_PlaceFootprints.place_footprints 156:Footprint R8 on root level
08-26 13:17:51 com_github_MitjaNemec_PlaceFootprints.place_footprints 156:Footprint R7 on root level
08-26 13:17:51 com_github_MitjaNemec_PlaceFootprints.place_footprints 156:Footprint R5 on root level
08-26 13:17:51 com_github_MitjaNemec_PlaceFootprints.place_footprints 156:Footprint R1 on root level
08-26 13:17:51 com_github_MitjaNemec_PlaceFootprints.place_footprints 156:Footprint R2 on root level
08-26 13:17:51 com_github_MitjaNemec_PlaceFootprints.place_footprints 156:Footprint C1 on root level
08-26 13:17:51 com_github_MitjaNemec_PlaceFootprints.place_footprints 156:Footprint J3 on root level
08-26 13:17:51 com_github_MitjaNemec_PlaceFootprints.place_footprints 156:Footprint R9 on root level
08-26 13:17:51 com_github_MitjaNemec_PlaceFootprints.place_footprints 156:Footprint J1 on root level
08-26 13:17:51 com_github_MitjaNemec_PlaceFootprints.place_footprints 156:Footprint U1 on root level
08-26 13:17:51 com_github_MitjaNemec_PlaceFootprints.place_footprints 156:Footprint R10 on root level
08-26 13:17:51 com_github_MitjaNemec_PlaceFootprints.place_footprints 156:Footprint R3 on root level
08-26 13:17:51 com_github_MitjaNemec_PlaceFootprints.place_footprints 156:Footprint R6 on root level
08-26 13:17:55 com_github_MitjaNemec_PlaceFootprints.action_place_footprints 588:Reference designator is: D
08-26 13:17:55 com_github_MitjaNemec_PlaceFootprints.action_place_footprints 589:Reference number is: 1
08-26 13:17:55 com_github_MitjaNemec_PlaceFootprints.action_place_footprints 621:Sorted and filtered list:
['D1', 'D2', 'D3', 'D4', 'D5', 'D6', 'D7', 'D8', 'D9', 'D10', 'D11', 'D12', 'D13', 'D14', 'D15', 'D16', 'D17', 'D18', 'D19', 'D20', 'D21', 'D22', 'D23', 'D24', 'D25', 'D26', 'D27', 'D28', 'D29', 'D30', 'D31', 'D32', 'D33', 'D34', 'D35', 'D36', 'D37', 'D38', 'D39', 'D40', 'D41', 'D42', 'D43', 'D44', 'D45', 'D46', 'D47', 'D48', 'D49', 'D50', 'D51', 'D52', 'D53', 'D54', 'D55', 'D56', 'D57', 'D58', 'D59', 'D60', 'D61', 'D62', 'D63', 'D64']
08-26 13:18:10 com_github_MitjaNemec_PlaceFootprints.action_place_footprints 659:Footprints to place:
['D1', 'D2', 'D3', 'D4', 'D5', 'D6', 'D7', 'D8', 'D9', 'D10', 'D11', 'D12', 'D13', 'D14', 'D15', 'D16', 'D17', 'D18', 'D19', 'D20', 'D21', 'D22', 'D23', 'D24', 'D25', 'D26', 'D27', 'D28', 'D29', 'D30', 'D31', 'D32', 'D33', 'D34', 'D35', 'D36', 'D37', 'D38', 'D39', 'D40', 'D41', 'D42', 'D43', 'D44', 'D45', 'D46', 'D47', 'D48', 'D49', 'D50', 'D51', 'D52', 'D53', 'D54', 'D55', 'D56', 'D57', 'D58', 'D59', 'D60', 'D61', 'D62', 'D63', 'D64']
08-26 13:18:10 com_github_MitjaNemec_PlaceFootprints.place_footprints 398:Starting placing with matrix layout
08-26 13:18:10 com_github_MitjaNemec_PlaceFootprints.action_place_footprints 729:Placing complete
